commit 3767abb499249dbc7a2fedd1cf1942311dcab3b0
Author: Truman <zeiontic@gmail.com>
Date:   Mon Apr 1 12:49:46 2013 -0400

    added small user guide in README

commit 867c62d1f4edc8b6d19b0a91623ed7a56f16a17b
Author: Truman <zeiontic@gmail.com>
Date:   Mon Apr 1 12:41:28 2013 -0400

    added GIT.LOG

commit 26ccc332083e842c4bbfec5c82d7e851821279a7
Author: Truman <zeiontic@gmail.com>
Date:   Mon Apr 1 12:37:24 2013 -0400

    final commit, added comments, updated img link colors, added README

commit b57ce2def620105caa3a94d4aeb312c778c30c08
Author: Truman <zeiontic@gmail.com>
Date:   Sun Mar 31 10:21:51 2013 -0400

    differentiated page url with image urls; image urls now always popup; added theme/close button to iframe popups

commit 9e6bea4eea08b935a95432501f9ebff88f638069
Merge: cf32150 8355c2b
Author: Truman <zeiontic@gmail.com>
Date:   Sat Mar 30 21:10:13 2013 -0400

    Merge branch 'gh-pages'

commit 8355c2bcfdc1aa893ecac585e3ff58bf70316532
Author: Truman <zeiontic@gmail.com>
Date:   Sat Mar 30 21:08:26 2013 -0400

    added links for user mentions, added padding to user profile, changed default link method to browser

commit e7eb1f59a7f4354a40f336db2a1b142a38881af0
Author: Truman <zeiontic@gmail.com>
Date:   Sat Mar 30 12:22:30 2013 -0400

    changed main_navigation to index for testing

commit 8fe0cc744ae3518a808b1833e18e6ab553d9b64c
Author: Truman <zeiontic@gmail.com>
Date:   Sat Mar 30 12:05:48 2013 -0400

    first pages commit

commit cf32150a9d0def00385e48c2b4d8702841fe3a02
Author: Truman <zeiontic@gmail.com>
Date:   Sat Mar 30 12:02:12 2013 -0400

    added test json file with more entries, added working homepage links in user profile, added swipe to change page functions

commit a07c483d56c0f2c96ee673f7861cb0cd53120d50
Author: Truman <zeiontic@gmail.com>
Date:   Sat Mar 23 16:09:53 2013 -0400

    format for tweet objects

commit bfa7b0d61e47a126b80985c4538958d1840de274
Author: Truman <zeiontic@gmail.com>
Date:   Sat Mar 23 16:08:57 2013 -0400

    added page slicing, next/prev button functions, enhanced page building function, last/first page dialogs

commit 301f507181bf8861ca9ccc8852fe0ee4039e0d75
Author: Truman <zeiontic@gmail.com>
Date:   Fri Mar 22 19:41:12 2013 -0400

    added options button to footer; added option for using iFrame or browser for links

commit 33f36720657145ef46447d92d6d5c0201566283f
Author: Truman <zeiontic@gmail.com>
Date:   Fri Mar 22 17:43:58 2013 -0400

    added highlights to user mentions and links; added iframe popup to links, problems with x-frame-option denials

commit 872e4a492d4daf687642a2e04e790a15800dd776
Author: Truman <zeiontic@gmail.com>
Date:   Thu Mar 21 16:48:16 2013 -0400

    added user profile pop-ups

commit 32e231dbf1a50f7a506d3448b41b284ef1f8c04c
Author: Truman <zeiontic@gmail.com>
Date:   Thu Mar 21 13:25:00 2013 -0400

    first commit
